<?xml version="1.0" encoding="UTF-8"?>
<!-- Generated by org.testng.reporters.JUnitReportReporter -->
<testsuite hostname="DESKTOP-6VONML0" failures="0" tests="1" name="PracticeTest1.Test1" time="0.177" errors="0" timestamp="31 May 2022 06:06:14 GMT" skipped="0">
  <testcase classname="PracticeTest1.Test1" name="test" time="0.177"/>
</testsuite> <!-- PracticeTest1.Test1 -->
