<?xml version="1.0" encoding="UTF-8"?>
<!-- Generated by org.testng.reporters.JUnitReportReporter -->
<testsuite hostname="DESKTOP-6VONML0" failures="0" tests="1" name="PracticeTest1.Test3" time="0.190" errors="0" timestamp="31 May 2022 06:20:33 GMT" skipped="0">
  <testcase classname="PracticeTest1.Test3" name="test1" time="0.190"/>
</testsuite> <!-- PracticeTest1.Test3 -->
